# JRE version: Java(TM) SE Runtime Environment (8.0_181-b13) (build 1.8.0_181-b13)
# Java VM: Java HotSpot(TM) 64-Bit Server VM (25.181-b13 mixed mode windows-amd64 compressed oops)
Heap:
 PSYoungGen      total 168960K, used 14967K [0x00000000d7100000, 0x00000000e4a80000, 0x0000000100000000)
  eden space 157184K, 2% used [0x00000000d7100000,0x00000000d7463138,0x00000000e0a80000)
  from space 11776K, 97% used [0x00000000e1a00000,0x00000000e253ae18,0x00000000e2580000)
  to   space 15872K, 0% used [0x00000000e0a80000,0x00000000e0a80000,0x00000000e1a00000)
 ParOldGen       total 92160K, used 22364K [0x0000000085200000, 0x000000008ac00000, 0x00000000d7100000)
  object space 92160K, 24% used [0x0000000085200000,0x00000000867d7100,0x000000008ac00000)
 Metaspace       used 41018K, capacity 42804K, committed 43176K, reserved 1089536K
  class space    used 5370K, capacity 5720K, committed 5800K, reserved 1048576K
GC Heap History (10 events):
Event: 2.198 GC heap before
{Heap before GC invocations=8 (full 1):
 PSYoungGen      total 110592K, used 110534K [0x00000000d7100000, 0x00000000dfd80000, 0x0000000100000000)
  eden space 102400K, 100% used [0x00000000d7100000,0x00000000dd500000,0x00000000dd500000)
  from space 8192K, 99% used [0x00000000df580000,0x00000000dfd71a40,0x00000000dfd80000)
  to   space 9216K, 0% used [0x00000000deb80000,0x00000000deb80000,0x00000000df480000)
 ParOldGen       total 52736K, used 6855K [0x0000000085200000, 0x0000000088580000, 0x00000000d7100000)
  object space 52736K, 12% used [0x0000000085200000,0x00000000858b1d90,0x0000000088580000)
 Metaspace       used 27556K, capacity 28548K, committed 28672K, reserved 1073152K
  class space    used 3780K, capacity 4034K, committed 4096K, reserved 1048576K
Event: 2.205 GC heap after
Heap after GC invocations=8 (full 1):
 PSYoungGen      total 134656K, used 9190K [0x00000000d7100000, 0x00000000e2580000, 0x0000000100000000)
  eden space 125440K, 0% used [0x00000000d7100000,0x00000000d7100000,0x00000000deb80000)
  from space 9216K, 99% used [0x00000000deb80000,0x00000000df4798e0,0x00000000df480000)
  to   space 11776K, 0% used [0x00000000e1a00000,0x00000000e1a00000,0x00000000e2580000)
 ParOldGen       total 52736K, used 9880K [0x0000000085200000, 0x0000000088580000, 0x00000000d7100000)
  object space 52736K, 18% used [0x0000000085200000,0x0000000085ba6310,0x0000000088580000)
 Metaspace       used 27556K, capacity 28548K, committed 28672K, reserved 1073152K
  class space    used 3780K, capacity 4034K, committed 4096K, reserved 1048576K
}
Event: 3.441 GC heap before
{Heap before GC invocations=9 (full 1):
 PSYoungGen      total 134656K, used 124505K [0x00000000d7100000, 0x00000000e2580000, 0x0000000100000000)
  eden space 125440K, 91% used [0x00000000d7100000,0x00000000de19cee8,0x00000000deb80000)
  from space 9216K, 99% used [0x00000000deb80000,0x00000000df4798e0,0x00000000df480000)
  to   space 11776K, 0% used [0x00000000e1a00000,0x00000000e1a00000,0x00000000e2580000)
 ParOldGen       total 52736K, used 9880K [0x0000000085200000, 0x0000000088580000, 0x00000000d7100000)
  object space 52736K, 18% used [0x0000000085200000,0x0000000085ba6310,0x0000000088580000)
 Metaspace       used 34026K, capacity 35416K, committed 35496K, reserved 1079296K
  class space    used 4465K, capacity 4740K, committed 4776K, reserved 1048576K
Event: 3.454 GC heap after
Heap after GC invocations=9 (full 1):
 PSYoungGen      total 168960K, used 11750K [0x00000000d7100000, 0x00000000e4a80000, 0x0000000100000000)
  eden space 157184K, 0% used [0x00000000d7100000,0x00000000d7100000,0x00000000e0a80000)
  from space 11776K, 99% used [0x00000000e1a00000,0x00000000e2579890,0x00000000e2580000)
  to   space 15872K, 0% used [0x00000000e0a80000,0x00000000e0a80000,0x00000000e1a00000)
 ParOldGen       total 52736K, used 15643K [0x0000000085200000, 0x0000000088580000, 0x00000000d7100000)
  object space 52736K, 29% used [0x0000000085200000,0x0000000086146c20,0x0000000088580000)
 Metaspace       used 34026K, capacity 35416K, committed 35496K, reserved 1079296K
  class space    used 4465K, capacity 4740K, committed 4776K, reserved 1048576K
}
Event: 3.454 GC heap before
{Heap before GC invocations=10 (full 2):
 PSYoungGen      total 168960K, used 11750K [0x00000000d7100000, 0x00000000e4a80000, 0x0000000100000000)
  eden space 157184K, 0% used [0x00000000d7100000,0x00000000d7100000,0x00000000e0a80000)
  from space 11776K, 99% used [0x00000000e1a00000,0x00000000e2579890,0x00000000e2580000)
  to   space 15872K, 0% used [0x00000000e0a80000,0x00000000e0a80000,0x00000000e1a00000)
 ParOldGen       total 52736K, used 15643K [0x0000000085200000, 0x0000000088580000, 0x00000000d7100000)
  object space 52736K, 29% used [0x0000000085200000,0x0000000086146c20,0x0000000088580000)
 Metaspace       used 34026K, capacity 35416K, committed 35496K, reserved 1079296K
  class space    used 4465K, capacity 4740K, committed 4776K, reserved 1048576K
Event: 3.523 GC heap after
Heap after GC invocations=10 (full 2):
 PSYoungGen      total 168960K, used 0K [0x00000000d7100000, 0x00000000e4a80000, 0x0000000100000000)
  eden space 157184K, 0% used [0x00000000d7100000,0x00000000d7100000,0x00000000e0a80000)
  from space 11776K, 0% used [0x00000000e1a00000,0x00000000e1a00000,0x00000000e2580000)
  to   space 15872K, 0% used [0x00000000e0a80000,0x00000000e0a80000,0x00000000e1a00000)
 ParOldGen       total 92160K, used 22348K [0x0000000085200000, 0x000000008ac00000, 0x00000000d7100000)
  object space 92160K, 24% used [0x0000000085200000,0x00000000867d3100,0x000000008ac00000)
 Metaspace       used 34026K, capacity 35416K, committed 35496K, reserved 1079296K
  class space    used 4465K, capacity 4740K, committed 4776K, reserved 1048576K
}
Event: 4.053 GC heap before
{Heap before GC invocations=11 (full 2):
 PSYoungGen      total 168960K, used 157184K [0x00000000d7100000, 0x00000000e4a80000, 0x0000000100000000)
  eden space 157184K, 100% used [0x00000000d7100000,0x00000000e0a80000,0x00000000e0a80000)
  from space 11776K, 0% used [0x00000000e1a00000,0x00000000e1a00000,0x00000000e2580000)
  to   space 15872K, 0% used [0x00000000e0a80000,0x00000000e0a80000,0x00000000e1a00000)
 ParOldGen       total 92160K, used 22348K [0x0000000085200000, 0x000000008ac00000, 0x00000000d7100000)
  object space 92160K, 24% used [0x0000000085200000,0x00000000867d3100,0x000000008ac00000)
 Metaspace       used 38455K, capacity 39960K, committed 40232K, reserved 1083392K
  class space    used 5047K, capacity 5366K, committed 5416K, reserved 1048576K
Event: 4.059 GC heap after
Heap after GC invocations=11 (full 2):
 PSYoungGen      total 173056K, used 6040K [0x00000000d7100000, 0x00000000e4a80000, 0x0000000100000000)
  eden space 157184K, 0% used [0x00000000d7100000,0x00000000d7100000,0x00000000e0a80000)
  from space 15872K, 38% used [0x00000000e0a80000,0x00000000e10660f0,0x00000000e1a00000)
  to   space 11776K, 0% used [0x00000000e1a00000,0x00000000e1a00000,0x00000000e2580000)
 ParOldGen       total 92160K, used 22356K [0x0000000085200000, 0x000000008ac00000, 0x00000000d7100000)
  object space 92160K, 24% used [0x0000000085200000,0x00000000867d5100,0x000000008ac00000)
 Metaspace       used 38455K, capacity 39960K, committed 40232K, reserved 1083392K
  class space    used 5047K, capacity 5366K, committed 5416K, reserved 1048576K
}
Event: 4.734 GC heap before
{Heap before GC invocations=12 (full 2):
 PSYoungGen      total 173056K, used 163224K [0x00000000d7100000, 0x00000000e4a80000, 0x0000000100000000)
  eden space 157184K, 100% used [0x00000000d7100000,0x00000000e0a80000,0x00000000e0a80000)
  from space 15872K, 38% used [0x00000000e0a80000,0x00000000e10660f0,0x00000000e1a00000)
  to   space 11776K, 0% used [0x00000000e1a00000,0x00000000e1a00000,0x00000000e2580000)
 ParOldGen       total 92160K, used 22356K [0x0000000085200000, 0x000000008ac00000, 0x00000000d7100000)
  object space 92160K, 24% used [0x0000000085200000,0x00000000867d5100,0x000000008ac00000)
 Metaspace       used 41007K, capacity 42802K, committed 43176K, reserved 1089536K
  class space    used 5368K, capacity 5719K, committed 5800K, reserved 1048576K
Event: 4.745 GC heap after
Heap after GC invocations=12 (full 2):
 PSYoungGen      total 168960K, used 11499K [0x00000000d7100000, 0x00000000e4a80000, 0x0000000100000000)
  eden space 157184K, 0% used [0x00000000d7100000,0x00000000d7100000,0x00000000e0a80000)
  from space 11776K, 97% used [0x00000000e1a00000,0x00000000e253ae18,0x00000000e2580000)
  to   space 15872K, 0% used [0x00000000e0a80000,0x00000000e0a80000,0x00000000e1a00000)
 ParOldGen       total 92160K, used 22364K [0x0000000085200000, 0x000000008ac00000, 0x00000000d7100000)
  object space 92160K, 24% used [0x0000000085200000,0x00000000867d7100,0x000000008ac00000)
 Metaspace       used 41007K, capacity 42802K, committed 43176K, reserved 1089536K
  class space    used 5368K, capacity 5719K, committed 5800K, reserved 1048576K
}

